\BOOKMARK [0][-]{chapter.1}{\376\377\000B\000a\000c\000k\000g\000r\000o\000u\000n\000d\000\040\000a\000n\000d\000\040\000m\000o\000t\000i\000v\000a\000t\000i\000o\000n}{}% 1
\BOOKMARK [1][-]{section.1.1}{\376\377\000R\000u\000b\000b\000l\000e\000-\000P\000i\000l\000e\000\040\000a\000s\000t\000e\000r\000o\000i\000d\000\040\000s\000u\000r\000f\000a\000c\000e\000s}{chapter.1}% 2
\BOOKMARK [1][-]{section.1.2}{\376\377\000S\000h\000a\000p\000e\000\040\000m\000o\000d\000e\000l\000i\000n\000g\000\040\000o\000f\000\040\000s\000m\000a\000l\000l\000\040\000b\000o\000d\000i\000e\000s}{chapter.1}% 3
\BOOKMARK [1][-]{section.1.3}{\376\377\000D\000y\000n\000a\000m\000i\000c\000s\000\040\000a\000n\000d\000\040\000t\000h\000e\000\040\000Y\000O\000R\000P\000\040\000e\000f\000f\000e\000c\000t}{chapter.1}% 4
\BOOKMARK [1][-]{section.1.4}{\376\377\000T\000h\000e\000s\000i\000s\000\040\000s\000t\000a\000t\000e\000m\000e\000n\000t}{chapter.1}% 5
\BOOKMARK [1][-]{section.1.5}{\376\377\000T\000h\000e\000s\000i\000s\000\040\000o\000v\000e\000r\000v\000i\000e\000w}{chapter.1}% 6
\BOOKMARK [2][-]{subsection.1.5.1}{\376\377\000C\000o\000n\000t\000r\000i\000b\000u\000t\000i\000o\000n\000s}{section.1.5}% 7
\BOOKMARK [0][-]{chapter.2}{\376\377\000I\000m\000a\000g\000e\000-\000b\000a\000s\000e\000d\000\040\000s\000h\000a\000p\000e\000\040\000m\000o\000d\000e\000l\000i\000n\000g}{}% 8
\BOOKMARK [1][-]{section.2.1}{\376\377\000I\000n\000t\000r\000o\000d\000u\000c\000t\000i\000o\000n}{chapter.2}% 9
\BOOKMARK [1][-]{section.2.2}{\376\377\0002\000D\000\040\000t\000o\000\040\0003\000D\000\040\000m\000a\000p\000p\000i\000n\000g\000\040\000o\000f\000\040\000i\000m\000a\000g\000e\000s\000\040\000t\000o\000\040\000s\000h\000a\000p\000e\000s}{chapter.2}% 10
\BOOKMARK [2][-]{subsection.2.2.1}{\376\377\000A\000s\000s\000u\000m\000p\000t\000i\000o\000n\000s}{section.2.2}% 11
\BOOKMARK [2][-]{subsection.2.2.2}{\376\377\000S\000i\000m\000u\000l\000a\000t\000e\000d\000\040\000i\000m\000a\000g\000e\000\040\000p\000r\000o\000c\000e\000d\000u\000r\000e}{section.2.2}% 12
\BOOKMARK [2][-]{subsection.2.2.3}{\376\377\000M\000i\000s\000s\000i\000o\000n\000\040\000d\000a\000t\000a}{section.2.2}% 13
\BOOKMARK [2][-]{subsection.2.2.4}{\376\377\000I\000d\000e\000n\000t\000i\000f\000i\000c\000a\000t\000i\000o\000n\000\040\000o\000f\000\040\000t\000h\000e\000\040\000s\000i\000l\000h\000o\000u\000e\000t\000t\000e}{section.2.2}% 14
\BOOKMARK [2][-]{subsection.2.2.5}{\376\377\000T\000e\000r\000m\000i\000n\000a\000t\000o\000r\000\040\000a\000n\000d\000\040\000L\000i\000m\000b\000\040\000D\000i\000s\000c\000r\000i\000m\000i\000n\000a\000t\000i\000o\000n}{section.2.2}% 15
\BOOKMARK [2][-]{subsection.2.2.6}{\376\377\000R\000a\000y\000\040\000g\000e\000n\000e\000r\000a\000t\000i\000o\000n\000\040\000a\000n\000d\000\040\000t\000r\000i\000m\000m\000i\000n\000g}{section.2.2}% 16
\BOOKMARK [2][-]{subsection.2.2.7}{\376\377\000O\000u\000t\000l\000i\000e\000r\000\040\000r\000e\000j\000e\000c\000t\000i\000o\000n\000\040\000s\000c\000h\000e\000m\000e}{section.2.2}% 17
\BOOKMARK [2][-]{subsection.2.2.8}{\376\377\000S\000u\000r\000f\000a\000c\000e\000\040\000r\000e\000c\000o\000n\000s\000t\000r\000u\000c\000t\000i\000o\000n\000\040\000w\000i\000t\000h\000\040\000b\000a\000l\000l\000-\000p\000i\000v\000o\000t\000i\000n\000g}{section.2.2}% 18
\BOOKMARK [1][-]{section.2.3}{\376\377\000S\000h\000a\000p\000e\000\040\000R\000e\000s\000u\000l\000t\000s}{chapter.2}% 19
\BOOKMARK [2][-]{subsection.2.3.1}{\376\377\000S\000i\000m\000u\000l\000a\000t\000e\000d\000\040\000D\000a\000t\000a}{section.2.3}% 20
\BOOKMARK [2][-]{subsection.2.3.2}{\376\377\000S\000h\000a\000p\000e\000\040\000m\000o\000d\000e\000l\000i\000n\000g\000\040\000f\000r\000o\000m\000\040\000m\000i\000s\000s\000i\000o\000n\000\040\000d\000a\000t\000a}{section.2.3}% 21
\BOOKMARK [1][-]{section.2.4}{\376\377\000M\000a\000t\000c\000h\000i\000n\000g\000\040\000l\000o\000c\000a\000l\000i\000z\000a\000t\000i\000o\000n\000\040\000w\000i\000t\000h\000\040\000N\000o\000r\000m\000a\000l\000i\000z\000e\000d\000\040\000C\000r\000o\000s\000s\000-\000C\000o\000r\000r\000e\000l\000a\000t\000i\000o\000n}{chapter.2}% 22
\BOOKMARK [2][-]{subsection.2.4.1}{\376\377\000M\000e\000t\000h\000o\000d\000s}{section.2.4}% 23
\BOOKMARK [2][-]{subsection.2.4.2}{\376\377\000R\000e\000s\000u\000l\000t\000s}{section.2.4}% 24
\BOOKMARK [1][-]{section.2.5}{\376\377\000A\000n\000a\000l\000y\000s\000i\000s}{chapter.2}% 25
\BOOKMARK [2][-]{subsection.2.5.1}{\376\377\000E\000r\000r\000o\000r\000\040\000E\000v\000a\000l\000u\000a\000t\000i\000o\000n}{section.2.5}% 26
\BOOKMARK [0][-]{chapter.3}{\376\377\000B\000o\000u\000l\000d\000e\000r\000-\000i\000n\000d\000u\000c\000e\000d\000\040\000Y\000O\000R\000P\000\040\000a\000l\000t\000e\000r\000i\000n\000g\000\040\000s\000p\000i\000n\000\040\000a\000c\000c\000e\000l\000e\000r\000a\000t\000i\000o\000n}{}% 27
\BOOKMARK [1][-]{section.3.1}{\376\377\000S\000u\000r\000f\000a\000c\000e\000\040\000i\000n\000t\000e\000r\000a\000c\000t\000i\000o\000n\000s\000\040\000c\000a\000u\000s\000i\000n\000g\000\040\000Y\000O\000R\000P}{chapter.3}% 28
\BOOKMARK [1][-]{section.3.2}{\376\377\000F\000o\000u\000r\000i\000e\000r\000\040\000Y\000O\000R\000P\000\040\000c\000o\000e\000f\000f\000i\000c\000i\000e\000n\000t\000\040\000m\000o\000d\000e\000l\000i\000n\000g}{chapter.3}% 29
\BOOKMARK [1][-]{section.3.3}{\376\377\000B\000o\000u\000l\000d\000e\000r\000\040\000s\000i\000m\000u\000l\000a\000t\000i\000o\000n\000\040\000d\000e\000s\000i\000g\000n}{chapter.3}% 30
\BOOKMARK [2][-]{subsection.3.3.1}{\376\377\000B\000o\000u\000l\000d\000e\000r\000\040\000S\000h\000a\000p\000e}{section.3.3}% 31
\BOOKMARK [2][-]{subsection.3.3.2}{\376\377\000B\000e\000n\000n\000u\000\040\000a\000n\000d\000\040\000I\000t\000o\000k\000a\000w\000a\000\040\000s\000u\000r\000f\000a\000c\000e\000\040\000q\000u\000a\000l\000i\000t\000i\000e\000s}{section.3.3}% 32
\BOOKMARK [2][-]{subsection.3.3.3}{\376\377\000B\000o\000u\000l\000d\000e\000r\000\040\000p\000o\000p\000u\000l\000a\000t\000i\000o\000n\000\040\000s\000t\000u\000d\000i\000e\000s\000\040\000o\000n\000\040\000B\000e\000n\000n\000u\000\040\000a\000n\000d\000\040\000I\000t\000o\000k\000a\000w\000a}{section.3.3}% 33
\BOOKMARK [2][-]{subsection.3.3.4}{\376\377\000A\000p\000p\000l\000y\000i\000n\000g\000\040\000a\000\040\000s\000i\000m\000p\000l\000i\000f\000i\000e\000d\000\040\000t\000h\000e\000r\000m\000a\000l\000\040\000m\000o\000d\000e\000l\000\040\000w\000i\000t\000h\000\040\000c\000o\000n\000s\000t\000a\000n\000t\000\040\000t\000h\000e\000r\000m\000a\000l\000\040\000l\000a\000g}{section.3.3}% 34
\BOOKMARK [2][-]{subsection.3.3.5}{\376\377\000P\000o\000l\000y\000h\000e\000d\000r\000a\000l\000\040\000f\000a\000c\000e\000t\000\040\000Y\000O\000R\000P\000\040\000e\000v\000a\000l\000u\000a\000t\000i\000o\000n}{section.3.3}% 35
\BOOKMARK [1][-]{section.3.4}{\376\377\000A\000n\000a\000l\000y\000s\000i\000s\000\040\000o\000f\000\040\000b\000o\000u\000l\000d\000e\000r\000\040\000i\000m\000p\000a\000c\000t\000\040\000o\000n\000\040\000Y\000O\000R\000P\000\040\000s\000p\000i\000n\000\040\000t\000o\000r\000q\000u\000e}{chapter.3}% 36
\BOOKMARK [2][-]{subsection.3.4.1}{\376\377\000P\000o\000w\000e\000r\000\040\000l\000a\000w\000\040\000d\000i\000s\000t\000r\000i\000b\000u\000t\000i\000o\000n\000\040\000o\000f\000\040\000b\000o\000u\000l\000d\000e\000r\000\040\000s\000i\000z\000e}{section.3.4}% 37
\BOOKMARK [2][-]{subsection.3.4.2}{\376\377\000U\000n\000i\000f\000o\000r\000m\000\040\000D\000i\000s\000t\000r\000i\000b\000u\000t\000i\000o\000n\000\040\000o\000f\000\040\000B\000o\000u\000l\000d\000e\000r\000\040\000L\000o\000c\000a\000t\000i\000o\000n}{section.3.4}% 38
\BOOKMARK [2][-]{subsection.3.4.3}{\376\377\000U\000n\000i\000f\000o\000r\000m\000\040\000D\000i\000s\000t\000r\000i\000b\000u\000t\000i\000o\000n\000\040\000o\000f\000\040\000B\000o\000u\000l\000d\000e\000r\000\040\000O\000r\000i\000e\000n\000t\000a\000t\000i\000o\000n}{section.3.4}% 39
\BOOKMARK [2][-]{subsection.3.4.4}{\376\377\000O\000v\000e\000r\000a\000l\000l\000\040\000U\000n\000c\000e\000r\000t\000a\000i\000n\000t\000y\000\040\000D\000i\000s\000t\000r\000i\000b\000u\000t\000i\000o\000n}{section.3.4}% 40
\BOOKMARK [1][-]{section.3.5}{\376\377\000B\000e\000n\000n\000u\000\040\000R\000e\000s\000u\000l\000t\000s}{chapter.3}% 41
\BOOKMARK [2][-]{subsection.3.5.1}{\376\377\000T\000o\000t\000a\000l\000\040\000B\000o\000u\000l\000d\000e\000r\000\040\000I\000m\000p\000a\000c\000t}{section.3.5}% 42
\BOOKMARK [2][-]{subsection.3.5.2}{\376\377\000L\000a\000r\000g\000e\000\040\000I\000n\000f\000l\000u\000e\000n\000c\000e\000\040\000B\000o\000u\000l\000d\000e\000r\000\040\000P\000a\000r\000a\000m\000e\000t\000e\000r\000s}{section.3.5}% 43
\BOOKMARK [1][-]{section.3.6}{\376\377\000I\000t\000o\000k\000a\000w\000a\000\040\000R\000e\000s\000u\000l\000t\000s}{chapter.3}% 44
\BOOKMARK [2][-]{subsection.3.6.1}{\376\377\000T\000o\000t\000a\000l\000\040\000B\000o\000u\000l\000d\000e\000r\000\040\000I\000m\000p\000a\000c\000t}{section.3.6}% 45
\BOOKMARK [2][-]{subsection.3.6.2}{\376\377\000L\000a\000r\000g\000e\000\040\000I\000n\000f\000l\000u\000e\000n\000c\000e\000\040\000B\000o\000u\000l\000d\000e\000r\000\040\000P\000a\000r\000a\000m\000e\000t\000e\000r\000s}{section.3.6}% 46
\BOOKMARK [1][-]{section.3.7}{\376\377\000S\000e\000n\000s\000i\000t\000i\000v\000i\000t\000y\000\040\000A\000n\000a\000l\000y\000s\000i\000s}{chapter.3}% 47
\BOOKMARK [2][-]{subsection.3.7.1}{\376\377\000S\000i\000z\000e\000\040\000T\000h\000r\000e\000s\000h\000o\000l\000d\000i\000n\000g}{section.3.7}% 48
\BOOKMARK [2][-]{subsection.3.7.2}{\376\377\000O\000r\000i\000e\000n\000t\000a\000t\000i\000o\000n\000\040\000B\000i\000a\000s\000e\000s\000:\000\040\000W\000e\000s\000t\000\040\000P\000r\000e\000f\000e\000r\000e\000n\000c\000e}{section.3.7}% 49
\BOOKMARK [2][-]{subsection.3.7.3}{\376\377\000L\000o\000c\000a\000t\000i\000o\000n\000\040\000B\000i\000a\000s\000:\000\040\000P\000o\000l\000a\000r\000\040\000M\000i\000g\000r\000a\000t\000i\000o\000n}{section.3.7}% 50
\BOOKMARK [1][-]{section.3.8}{\376\377\000T\000o\000t\000a\000l\000\040\000Y\000O\000R\000P\000\040\000D\000i\000s\000c\000u\000s\000s\000i\000o\000n}{chapter.3}% 51
\BOOKMARK [2][-]{subsection.3.8.1}{\376\377\000C\000r\000a\000t\000e\000r\000\040\000Y\000O\000R\000P}{section.3.8}% 52
\BOOKMARK [2][-]{subsection.3.8.2}{\376\377\000T\000a\000n\000g\000e\000n\000t\000i\000a\000l\000\040\000Y\000O\000R\000P}{section.3.8}% 53
\BOOKMARK [2][-]{subsection.3.8.3}{\376\377\000O\000v\000e\000r\000a\000l\000l\000\040\000Y\000O\000R\000P\000\040\000C\000o\000m\000p\000a\000r\000i\000s\000o\000n}{section.3.8}% 54
\BOOKMARK [1][-]{section.3.9}{\376\377\000A\000p\000p\000l\000i\000c\000a\000t\000i\000o\000n\000\040\000t\000o\000\040\000Y\000O\000R\000P\000\040\000E\000s\000t\000i\000m\000a\000t\000e\000s}{chapter.3}% 55
\BOOKMARK [1][-]{section.3.10}{\376\377\000S\000u\000m\000m\000a\000r\000y\000\040\000a\000n\000d\000\040\000C\000o\000n\000c\000l\000u\000s\000i\000o\000n\000s}{chapter.3}% 56
\BOOKMARK [0][-]{chapter.4}{\376\377\000P\000o\000l\000e\000\040\000S\000t\000a\000b\000i\000l\000i\000t\000y\000\040\000a\000n\000d\000\040\000O\000b\000l\000i\000q\000u\000i\000t\000y\000\040\000E\000v\000o\000l\000u\000t\000i\000o\000n\000\040\000u\000n\000d\000e\000r\000\040\000Y\000O\000R\000P\000\040\000T\000o\000r\000q\000u\000e\000s}{}% 57
\BOOKMARK [1][-]{section.4.1}{\376\377\000B\000a\000c\000k\000g\000r\000o\000u\000n\000d}{chapter.4}% 58
\BOOKMARK [1][-]{section.4.2}{\376\377\000C\000o\000o\000r\000d\000i\000n\000a\000t\000e\000\040\000F\000r\000a\000m\000e\000s}{chapter.4}% 59
\BOOKMARK [1][-]{section.4.3}{\376\377\000Y\000O\000R\000P\000\040\000T\000o\000r\000q\000u\000e\000s}{chapter.4}% 60
\BOOKMARK [2][-]{subsection.4.3.1}{\376\377\000F\000o\000u\000r\000i\000e\000r\000\040\000Y\000O\000R\000P\000\040\000C\000o\000e\000f\000f\000i\000c\000i\000e\000n\000t\000s}{section.4.3}% 61
\BOOKMARK [2][-]{subsection.4.3.2}{\376\377\000Y\000O\000R\000P\000\040\000T\000i\000m\000e\000s\000c\000a\000l\000e\000s}{section.4.3}% 62
\BOOKMARK [1][-]{section.4.4}{\376\377\000S\000p\000i\000n\000\040\000a\000n\000d\000\040\000S\000t\000a\000b\000i\000l\000i\000t\000y\000\040\000D\000y\000n\000a\000m\000i\000c\000s}{chapter.4}% 63
\BOOKMARK [1][-]{section.4.5}{\376\377\000R\000e\000s\000u\000l\000t\000s}{chapter.4}% 64
\BOOKMARK [2][-]{subsection.4.5.1}{\376\377\000B\000o\000u\000l\000d\000e\000r\000\040\000D\000i\000s\000t\000r\000i\000b\000u\000t\000i\000o\000n\000\040\000E\000f\000f\000e\000c\000t\000s}{section.4.5}% 65
\BOOKMARK [1][-]{section.4.6}{\376\377\000D\000i\000s\000c\000u\000s\000s\000i\000o\000n}{chapter.4}% 66
\BOOKMARK [2][-]{subsection.4.6.1}{\376\377\000B\000i\000n\000a\000r\000i\000e\000s}{section.4.6}% 67
\BOOKMARK [1][-]{section.4.7}{\376\377\000C\000o\000n\000c\000l\000u\000s\000i\000o\000n\000s}{chapter.4}% 68
\BOOKMARK [0][-]{chapter.5}{\376\377\000E\000s\000t\000i\000m\000a\000t\000e\000s\000\040\000o\000f\000\040\000Y\000O\000R\000P\000\040\000f\000o\000r\000\040\000G\000r\000o\000u\000n\000d\000-\000B\000a\000s\000e\000d\000\040\000O\000b\000s\000e\000r\000v\000i\000n\000g}{}% 69
\BOOKMARK [1][-]{section.5.1}{\376\377\000A\000s\000t\000e\000r\000o\000i\000d\000\040\000Y\000O\000R\000P\000\040\000m\000e\000a\000s\000u\000r\000e\000d\000\040\000f\000r\000o\000m\000\040\000g\000r\000o\000u\000n\000d}{chapter.5}% 70
\BOOKMARK [1][-]{section.5.2}{\376\377\000C\000o\000m\000p\000a\000r\000i\000s\000o\000n\000\040\000o\000f\000\040\000c\000u\000r\000r\000e\000n\000t\000\040\000m\000o\000d\000e\000l\000s\000\040\000a\000n\000d\000\040\000o\000b\000s\000e\000r\000v\000a\000t\000i\000o\000n\000s}{chapter.5}% 71
\BOOKMARK [1][-]{section.5.3}{\376\377\000B\000o\000u\000l\000d\000e\000r\000-\000i\000n\000d\000u\000c\000e\000d\000\040\000Y\000O\000R\000P\000\040\000v\000a\000r\000i\000a\000b\000i\000l\000i\000t\000y\000\040\000a\000n\000a\000l\000y\000s\000i\000s}{chapter.5}% 72
\BOOKMARK [1][-]{section.5.4}{\376\377\000O\000t\000h\000e\000r\000\040\000s\000o\000u\000r\000c\000e\000s\000\040\000o\000f\000\040\000u\000n\000c\000e\000r\000t\000a\000i\000n\000t\000y}{chapter.5}% 73
\BOOKMARK [0][-]{chapter.6}{\376\377\000F\000u\000t\000u\000r\000e\000\040\000w\000o\000r\000k}{}% 74
\BOOKMARK [1][-]{section.6.1}{\376\377\000A\000p\000p\000l\000i\000c\000a\000t\000i\000o\000n\000s\000\040\000o\000f\000\040\000B\000o\000u\000l\000d\000e\000r\000\040\000Y\000O\000R\000P\000\040\000M\000o\000d\000e\000l\000i\000n\000g}{chapter.6}% 75
\BOOKMARK [1][-]{section.6.2}{\376\377\000F\000u\000r\000t\000h\000e\000r\000\040\000i\000n\000v\000e\000s\000t\000i\000g\000a\000t\000i\000o\000n\000s}{chapter.6}% 76
\BOOKMARK [-1][-]{chapter*.55}{\376\377\000\040\000B\000i\000b\000l\000i\000o\000g\000r\000a\000p\000h\000y}{}% 77
\BOOKMARK [0][-]{appendix.A}{\376\377\000E\000x\000t\000r\000a\000\040\000T\000h\000i\000n\000g\000s}{chapter*.55}% 78
